<?xml version="1.0" encoding="UTF-8"?>
<testsuite name="com.kodilla.stream.array.ArrayTestSuite" tests="1" skipped="0" failures="0" errors="0" timestamp="2018-08-03T09:02:39" hostname="DESKTOP-7AUA26A" time="0.017">
  <properties/>
  <testcase name="testGetAverage" classname="com.kodilla.stream.array.ArrayTestSuite" time="0.017"/>
  <system-out><![CDATA[7
5
5
3
4
2
]]></system-out>
  <system-err><![CDATA[]]></system-err>
</testsuite>
