<?xml version="1.0" encoding="UTF-8"?>
<testsuite name="com.kodilla.stream.array.ArrayTestSuite" tests="1" skipped="0" failures="0" errors="0" timestamp="2018-06-25T12:45:26" hostname="DESKTOP-7AUA26A" time="0.016">
  <properties/>
  <testcase name="testGetAverage" classname="com.kodilla.stream.array.ArrayTestSuite" time="0.016"/>
  <system-out><![CDATA[7
5
5
3
4
2
]]></system-out>
  <system-err><![CDATA[]]></system-err>
</testsuite>
