<?xml version="1.0" encoding="UTF-8"?>
<testsuite name="com.kodilla.patterns.strategy.social.UserTestSuite" tests="2" skipped="0" failures="0" errors="0" timestamp="2018-07-30T11:06:45" hostname="DESKTOP-7AUA26A" time="0.003">
  <properties/>
  <testcase name="testDefaultSharingStrategies" classname="com.kodilla.patterns.strategy.social.UserTestSuite" time="0.003"/>
  <testcase name="testIndividualSharingStrategy" classname="com.kodilla.patterns.strategy.social.UserTestSuite" time="0.0"/>
  <system-out><![CDATA[Andy Should: Facebook
Lilly Should: Twitter
Brad Should: Snapchat
Andy Should: Facebook
Andy now Should: Twitter
]]></system-out>
  <system-err><![CDATA[]]></system-err>
</testsuite>
