<?xml version="1.0" encoding="UTF-8"?>
<testsuite name="com.kodilla.patterns.strategy.social.UserTestSuite" tests="2" skipped="0" failures="0" errors="0" timestamp="2018-08-03T09:02:36" hostname="DESKTOP-7AUA26A" time="0.002">
  <properties/>
  <testcase name="testDefaultSharingStrategies" classname="com.kodilla.patterns.strategy.social.UserTestSuite" time="0.001"/>
  <testcase name="testIndividualSharingStrategy" classname="com.kodilla.patterns.strategy.social.UserTestSuite" time="0.001"/>
  <system-out><![CDATA[Andy Should: Facebook
Lilly Should: Twitter
Brad Should: Snapchat
Andy Should: Facebook
Andy now Should: Twitter
]]></system-out>
  <system-err><![CDATA[]]></system-err>
</testsuite>
